mode: set
github.com/solow-crypt/bookings/cmd/web/main.go:23.13,27.16 2 0
github.com/solow-crypt/bookings/cmd/web/main.go:31.2,39.16 4 0
github.com/solow-crypt/bookings/cmd/web/main.go:27.16,29.3 1 0
github.com/solow-crypt/bookings/cmd/web/main.go:42.18,57.16 10 1
github.com/solow-crypt/bookings/cmd/web/main.go:62.2,72.12 6 1
github.com/solow-crypt/bookings/cmd/web/main.go:57.16,60.3 2 0
github.com/solow-crypt/bookings/cmd/web/middleware.go:10.53,11.71 1 0
github.com/solow-crypt/bookings/cmd/web/middleware.go:11.71,14.3 2 0
github.com/solow-crypt/bookings/cmd/web/middleware.go:18.45,27.2 3 1
github.com/solow-crypt/bookings/cmd/web/middleware.go:30.50,32.2 1 1
github.com/solow-crypt/bookings/cmd/web/routes.go:12.49,43.2 23 1
