mode: set
github.com/solow-crypt/bookings/internal/render/render.go:20.40,22.2 1 1
github.com/solow-crypt/bookings/internal/render/render.go:24.84,31.2 5 1
github.com/solow-crypt/bookings/internal/render/render.go:33.105,37.18 2 1
github.com/solow-crypt/bookings/internal/render/render.go:43.2,45.9 2 1
github.com/solow-crypt/bookings/internal/render/render.go:48.2,55.16 5 1
github.com/solow-crypt/bookings/internal/render/render.go:59.2,59.12 1 1
github.com/solow-crypt/bookings/internal/render/render.go:37.18,39.3 1 0
github.com/solow-crypt/bookings/internal/render/render.go:39.8,41.3 1 1
github.com/solow-crypt/bookings/internal/render/render.go:45.9,47.3 1 1
github.com/solow-crypt/bookings/internal/render/render.go:55.16,58.3 2 0
github.com/solow-crypt/bookings/internal/render/render.go:63.67,67.16 3 1
github.com/solow-crypt/bookings/internal/render/render.go:71.2,71.29 1 1
github.com/solow-crypt/bookings/internal/render/render.go:92.2,92.21 1 1
github.com/solow-crypt/bookings/internal/render/render.go:67.16,69.3 1 0
github.com/solow-crypt/bookings/internal/render/render.go:71.29,74.17 3 1
github.com/solow-crypt/bookings/internal/render/render.go:78.3,79.17 2 1
github.com/solow-crypt/bookings/internal/render/render.go:83.3,83.23 1 1
github.com/solow-crypt/bookings/internal/render/render.go:90.3,90.21 1 1
github.com/solow-crypt/bookings/internal/render/render.go:74.17,76.4 1 0
github.com/solow-crypt/bookings/internal/render/render.go:79.17,81.4 1 0
github.com/solow-crypt/bookings/internal/render/render.go:83.23,85.18 2 1
github.com/solow-crypt/bookings/internal/render/render.go:85.18,87.5 1 0
