mode: set
github.com/solow-crypt/bookings/internal/handlers/handlers.go:23.47,27.2 1 1
github.com/solow-crypt/bookings/internal/handlers/handlers.go:29.33,31.2 1 1
github.com/solow-crypt/bookings/internal/handlers/handlers.go:33.67,40.2 3 1
github.com/solow-crypt/bookings/internal/handlers/handlers.go:41.68,52.2 5 1
github.com/solow-crypt/bookings/internal/handlers/handlers.go:54.65,56.2 1 1
github.com/solow-crypt/bookings/internal/handlers/handlers.go:57.68,59.2 1 1
github.com/solow-crypt/bookings/internal/handlers/handlers.go:60.69,62.2 1 1
github.com/solow-crypt/bookings/internal/handlers/handlers.go:63.71,65.2 1 0
github.com/solow-crypt/bookings/internal/handlers/handlers.go:66.70,68.2 1 1
github.com/solow-crypt/bookings/internal/handlers/handlers.go:69.67,71.2 1 1
github.com/solow-crypt/bookings/internal/handlers/handlers.go:72.69,74.2 1 1
github.com/solow-crypt/bookings/internal/handlers/handlers.go:75.68,77.2 1 1
github.com/solow-crypt/bookings/internal/handlers/handlers.go:79.72,83.2 3 0
github.com/solow-crypt/bookings/internal/handlers/handlers.go:90.72,98.16 3 1
github.com/solow-crypt/bookings/internal/handlers/handlers.go:102.2,105.14 3 1
github.com/solow-crypt/bookings/internal/handlers/handlers.go:98.16,100.3 1 0
github.com/solow-crypt/bookings/internal/handlers/handlers.go:109.71,118.2 4 1
github.com/solow-crypt/bookings/internal/handlers/handlers.go:120.79,122.16 2 0
github.com/solow-crypt/bookings/internal/handlers/handlers.go:127.2,143.19 7 0
github.com/solow-crypt/bookings/internal/handlers/handlers.go:154.2,156.67 2 0
github.com/solow-crypt/bookings/internal/handlers/handlers.go:122.16,125.3 2 0
github.com/solow-crypt/bookings/internal/handlers/handlers.go:143.19,152.3 4 0
github.com/solow-crypt/bookings/internal/handlers/handlers.go:159.75,167.16 3 0
github.com/solow-crypt/bookings/internal/handlers/handlers.go:171.2,174.14 3 0
github.com/solow-crypt/bookings/internal/handlers/handlers.go:167.16,169.3 1 0
github.com/solow-crypt/bookings/internal/handlers/handlers.go:177.82,180.9 2 1
github.com/solow-crypt/bookings/internal/handlers/handlers.go:187.2,194.4 4 0
github.com/solow-crypt/bookings/internal/handlers/handlers.go:180.9,185.3 4 1
